
AVRASM ver. 2.1.30  C:\Users\Erfan\Desktop\ATmega32-Projects\9999\Debug\List\1.asm Fri May 23 23:29:03 2025

C:\Users\Erfan\Desktop\ATmega32-Projects\9999\Debug\List\1.asm(1088): warning: Register r4 already defined by the .DEF directive
C:\Users\Erfan\Desktop\ATmega32-Projects\9999\Debug\List\1.asm(1089): warning: Register r5 already defined by the .DEF directive
C:\Users\Erfan\Desktop\ATmega32-Projects\9999\Debug\List\1.asm(1090): warning: Register r6 already defined by the .DEF directive
C:\Users\Erfan\Desktop\ATmega32-Projects\9999\Debug\List\1.asm(1091): warning: Register r7 already defined by the .DEF directive
C:\Users\Erfan\Desktop\ATmega32-Projects\9999\Debug\List\1.asm(1092): warning: Register r8 already defined by the .DEF directive
C:\Users\Erfan\Desktop\ATmega32-Projects\9999\Debug\List\1.asm(1093): warning: Register r9 already defined by the .DEF directive
C:\Users\Erfan\Desktop\ATmega32-Projects\9999\Debug\List\1.asm(1094): warning: Register r10 already defined by the .DEF directive
C:\Users\Erfan\Desktop\ATmega32-Projects\9999\Debug\List\1.asm(1095): warning: Register r11 already defined by the .DEF directive
C:\Users\Erfan\Desktop\ATmega32-Projects\9999\Debug\List\1.asm(1096): warning: Register r12 already defined by the .DEF directive
C:\Users\Erfan\Desktop\ATmega32-Projects\9999\Debug\List\1.asm(1097): warning: Register r13 already defined by the .DEF directive
                 
                 
                 ;CodeVisionAVR C Compiler V3.14 Advanced
                 ;(C) Copyright 1998-2014 Pavel Haiduc, HP InfoTech s.r.l.
                 ;http://www.hpinfotech.com
                 
                 ;Build configuration    : Debug
                 ;Chip type              : ATmega32
                 ;Program type           : Application
                 ;Clock frequency        : 8.000000 MHz
                 ;Memory model           : Small
                 ;Optimize for           : Size
                 ;(s)printf features     : int, width
                 ;(s)scanf features      : int, width
                 ;External RAM size      : 0
                 ;Data Stack size        : 512 byte(s)
                 ;Heap size              : 0 byte(s)
                 ;Promote 'char' to 'int': Yes
                 ;'char' is unsigned     : Yes
                 ;8 bit enums            : Yes
                 ;Global 'const' stored in FLASH: Yes
                 ;Enhanced function parameter passing: Yes
                 ;Enhanced core instructions: On
                 ;Automatic register allocation for global variables: On
                 ;Smart register allocation: On
                 
                 	#define _MODEL_SMALL_
                 
                 	#pragma AVRPART ADMIN PART_NAME ATmega32
                 	#pragma AVRPART MEMORY PROG_FLASH 32768
                 	#pragma AVRPART MEMORY EEPROM 1024
                 	#pragma AVRPART MEMORY INT_SRAM SIZE 2048
                 	#pragma AVRPART MEMORY INT_SRAM START_ADDR 0x60
                 
                 	#define CALL_SUPPORTED 1
                 
                 	.LISTMAC
                 	.EQU UDRE=0x5
                 	.EQU RXC=0x7
                 	.EQU USR=0xB
                 	.EQU UDR=0xC
                 	.EQU SPSR=0xE
                 	.EQU SPDR=0xF
                 	.EQU EERE=0x0
                 	.EQU EEWE=0x1
                 	.EQU EEMWE=0x2
                 	.EQU EECR=0x1C
                 	.EQU EEDR=0x1D
                 	.EQU EEARL=0x1E
                 	.EQU EEARH=0x1F
                 	.EQU WDTCR=0x21
                 	.EQU MCUCR=0x35
                 	.EQU GICR=0x3B
                 	.EQU SPL=0x3D
                 	.EQU SPH=0x3E
                 	.EQU SREG=0x3F
                 
                 	.DEF R0X0=R0
                 	.DEF R0X1=R1
                 	.DEF R0X2=R2
                 	.DEF R0X3=R3
                 	.DEF R0X4=R4
                 	.DEF R0X5=R5
                 	.DEF R0X6=R6
                 	.DEF R0X7=R7
                 	.DEF R0X8=R8
                 	.DEF R0X9=R9
                 	.DEF R0XA=R10
                 	.DEF R0XB=R11
                 	.DEF R0XC=R12
                 	.DEF R0XD=R13
                 	.DEF R0XE=R14
                 	.DEF R0XF=R15
                 	.DEF R0X10=R16
                 	.DEF R0X11=R17
                 	.DEF R0X12=R18
                 	.DEF R0X13=R19
                 	.DEF R0X14=R20
                 	.DEF R0X15=R21
                 	.DEF R0X16=R22
                 	.DEF R0X17=R23
                 	.DEF R0X18=R24
                 	.DEF R0X19=R25
                 	.DEF R0X1A=R26
                 	.DEF R0X1B=R27
                 	.DEF R0X1C=R28
                 	.DEF R0X1D=R29
                 	.DEF R0X1E=R30
                 	.DEF R0X1F=R31
                 
                 	.EQU __SRAM_START=0x0060
                 	.EQU __SRAM_END=0x085F
                 	.EQU __DSTACK_SIZE=0x0200
                 	.EQU __HEAP_SIZE=0x0000
                 	.EQU __CLEAR_SRAM_SIZE=__SRAM_END-__SRAM_START+1
                 
                 	.MACRO __CPD1N
                 	CPI  R30,LOW(@0)
                 	LDI  R26,HIGH(@0)
                 	CPC  R31,R26
                 	LDI  R26,BYTE3(@0)
                 	CPC  R22,R26
                 	LDI  R26,BYTE4(@0)
                 	CPC  R23,R26
                 	.ENDM
                 
                 	.MACRO __CPD2N
                 	CPI  R26,LOW(@0)
                 	LDI  R30,HIGH(@0)
                 	CPC  R27,R30
                 	LDI  R30,BYTE3(@0)
                 	CPC  R24,R30
                 	LDI  R30,BYTE4(@0)
                 	CPC  R25,R30
                 	.ENDM
                 
                 	.MACRO __CPWRR
                 	CP   R@0,R@2
                 	CPC  R@1,R@3
                 	.ENDM
                 
                 	.MACRO __CPWRN
                 	CPI  R@0,LOW(@2)
                 	LDI  R30,HIGH(@2)
                 	CPC  R@1,R30
                 	.ENDM
                 
                 	.MACRO __ADDB1MN
                 	SUBI R30,LOW(-@0-(@1))
                 	.ENDM
                 
                 	.MACRO __ADDB2MN
                 	SUBI R26,LOW(-@0-(@1))
                 	.ENDM
                 
                 	.MACRO __ADDW1MN
                 	SUBI R30,LOW(-@0-(@1))
                 	SBCI R31,HIGH(-@0-(@1))
                 	.ENDM
                 
                 	.MACRO __ADDW2MN
                 	SUBI R26,LOW(-@0-(@1))
                 	SBCI R27,HIGH(-@0-(@1))
                 	.ENDM
                 
                 	.MACRO __ADDW1FN
                 	SUBI R30,LOW(-2*@0-(@1))
                 	SBCI R31,HIGH(-2*@0-(@1))
                 	.ENDM
                 
                 	.MACRO __ADDD1FN
                 	SUBI R30,LOW(-2*@0-(@1))
                 	SBCI R31,HIGH(-2*@0-(@1))
                 	SBCI R22,BYTE3(-2*@0-(@1))
                 	.ENDM
                 
                 	.MACRO __ADDD1N
                 	SUBI R30,LOW(-@0)
                 	SBCI R31,HIGH(-@0)
                 	SBCI R22,BYTE3(-@0)
                 	SBCI R23,BYTE4(-@0)
                 	.ENDM
                 
                 	.MACRO __ADDD2N
                 	SUBI R26,LOW(-@0)
                 	SBCI R27,HIGH(-@0)
                 	SBCI R24,BYTE3(-@0)
                 	SBCI R25,BYTE4(-@0)
                 	.ENDM
                 
                 	.MACRO __SUBD1N
                 	SUBI R30,LOW(@0)
                 	SBCI R31,HIGH(@0)
                 	SBCI R22,BYTE3(@0)
                 	SBCI R23,BYTE4(@0)
                 	.ENDM
                 
                 	.MACRO __SUBD2N
                 	SUBI R26,LOW(@0)
                 	SBCI R27,HIGH(@0)
                 	SBCI R24,BYTE3(@0)
                 	SBCI R25,BYTE4(@0)
                 	.ENDM
                 
                 	.MACRO __ANDBMNN
                 	LDS  R30,@0+(@1)
                 	ANDI R30,LOW(@2)
                 	STS  @0+(@1),R30
                 	.ENDM
                 
                 	.MACRO __ANDWMNN
                 	LDS  R30,@0+(@1)
                 	ANDI R30,LOW(@2)
                 	STS  @0+(@1),R30
                 	LDS  R30,@0+(@1)+1
                 	ANDI R30,HIGH(@2)
                 	STS  @0+(@1)+1,R30
                 	.ENDM
                 
                 	.MACRO __ANDD1N
                 	ANDI R30,LOW(@0)
                 	ANDI R31,HIGH(@0)
                 	ANDI R22,BYTE3(@0)
                 	ANDI R23,BYTE4(@0)
                 	.ENDM
                 
                 	.MACRO __ANDD2N
                 	ANDI R26,LOW(@0)
                 	ANDI R27,HIGH(@0)
                 	ANDI R24,BYTE3(@0)
                 	ANDI R25,BYTE4(@0)
                 	.ENDM
                 
                 	.MACRO __ORBMNN
                 	LDS  R30,@0+(@1)
                 	ORI  R30,LOW(@2)
                 	STS  @0+(@1),R30
                 	.ENDM
                 
                 	.MACRO __ORWMNN
                 	LDS  R30,@0+(@1)
                 	ORI  R30,LOW(@2)
                 	STS  @0+(@1),R30
                 	LDS  R30,@0+(@1)+1
                 	ORI  R30,HIGH(@2)
                 	STS  @0+(@1)+1,R30
                 	.ENDM
                 
                 	.MACRO __ORD1N
                 	ORI  R30,LOW(@0)
                 	ORI  R31,HIGH(@0)
                 	ORI  R22,BYTE3(@0)
                 	ORI  R23,BYTE4(@0)
                 	.ENDM
                 
                 	.MACRO __ORD2N
                 	ORI  R26,LOW(@0)
                 	ORI  R27,HIGH(@0)
                 	ORI  R24,BYTE3(@0)
                 	ORI  R25,BYTE4(@0)
                 	.ENDM
                 
                 	.MACRO __DELAY_USB
                 	LDI  R24,LOW(@0)
                 __DELAY_USB_LOOP:
                 	DEC  R24
                 	BRNE __DELAY_USB_LOOP
                 	.ENDM
                 
                 	.MACRO __DELAY_USW
                 	LDI  R24,LOW(@0)
                 	LDI  R25,HIGH(@0)
                 __DELAY_USW_LOOP:
                 	SBIW R24,1
                 	BRNE __DELAY_USW_LOOP
                 	.ENDM
                 
                 	.MACRO __GETD1S
                 	LDD  R30,Y+@0
                 	LDD  R31,Y+@0+1
                 	LDD  R22,Y+@0+2
                 	LDD  R23,Y+@0+3
                 	.ENDM
                 
                 	.MACRO __GETD2S
                 	LDD  R26,Y+@0
                 	LDD  R27,Y+@0+1
                 	LDD  R24,Y+@0+2
                 	LDD  R25,Y+@0+3
                 	.ENDM
                 
                 	.MACRO __PUTD1S
                 	STD  Y+@0,R30
                 	STD  Y+@0+1,R31
                 	STD  Y+@0+2,R22
                 	STD  Y+@0+3,R23
                 	.ENDM
                 
                 	.MACRO __PUTD2S
                 	STD  Y+@0,R26
                 	STD  Y+@0+1,R27
                 	STD  Y+@0+2,R24
                 	STD  Y+@0+3,R25
                 	.ENDM
                 
                 	.MACRO __PUTDZ2
                 	STD  Z+@0,R26
                 	STD  Z+@0+1,R27
                 	STD  Z+@0+2,R24
                 	STD  Z+@0+3,R25
                 	.ENDM
                 
                 	.MACRO __CLRD1S
                 	STD  Y+@0,R30
                 	STD  Y+@0+1,R30
                 	STD  Y+@0+2,R30
                 	STD  Y+@0+3,R30
                 	.ENDM
                 
                 	.MACRO __POINTB1MN
                 	LDI  R30,LOW(@0+(@1))
                 	.ENDM
                 
                 	.MACRO __POINTW1MN
                 	LDI  R30,LOW(@0+(@1))
                 	LDI  R31,HIGH(@0+(@1))
                 	.ENDM
                 
                 	.MACRO __POINTD1M
                 	LDI  R30,LOW(@0)
                 	LDI  R31,HIGH(@0)
                 	LDI  R22,BYTE3(@0)
                 	LDI  R23,BYTE4(@0)
                 	.ENDM
                 
                 	.MACRO __POINTW1FN
                 	LDI  R30,LOW(2*@0+(@1))
                 	LDI  R31,HIGH(2*@0+(@1))
                 	.ENDM
                 
                 	.MACRO __POINTD1FN
                 	LDI  R30,LOW(2*@0+(@1))
                 	LDI  R31,HIGH(2*@0+(@1))
                 	LDI  R22,BYTE3(2*@0+(@1))
                 	LDI  R23,BYTE4(2*@0+(@1))
                 	.ENDM
                 
                 	.MACRO __POINTB2MN
                 	LDI  R26,LOW(@0+(@1))
                 	.ENDM
                 
                 	.MACRO __POINTW2MN
                 	LDI  R26,LOW(@0+(@1))
                 	LDI  R27,HIGH(@0+(@1))
                 	.ENDM
                 
                 	.MACRO __POINTW2FN
                 	LDI  R26,LOW(2*@0+(@1))
                 	LDI  R27,HIGH(2*@0+(@1))
                 	.ENDM
                 
                 	.MACRO __POINTD2FN
                 	LDI  R26,LOW(2*@0+(@1))
                 	LDI  R27,HIGH(2*@0+(@1))
                 	LDI  R24,BYTE3(2*@0+(@1))
                 	LDI  R25,BYTE4(2*@0+(@1))
                 	.ENDM
                 
                 	.MACRO __POINTBRM
                 	LDI  R@0,LOW(@1)
                 	.ENDM
                 
                 	.MACRO __POINTWRM
                 	LDI  R@0,LOW(@2)
                 	LDI  R@1,HIGH(@2)
                 	.ENDM
                 
                 	.MACRO __POINTBRMN
                 	LDI  R@0,LOW(@1+(@2))
                 	.ENDM
                 
                 	.MACRO __POINTWRMN
                 	LDI  R@0,LOW(@2+(@3))
                 	LDI  R@1,HIGH(@2+(@3))
                 	.ENDM
                 
                 	.MACRO __POINTWRFN
                 	LDI  R@0,LOW(@2*2+(@3))
                 	LDI  R@1,HIGH(@2*2+(@3))
                 	.ENDM
                 
                 	.MACRO __GETD1N
                 	LDI  R30,LOW(@0)
                 	LDI  R31,HIGH(@0)
                 	LDI  R22,BYTE3(@0)
                 	LDI  R23,BYTE4(@0)
                 	.ENDM
                 
                 	.MACRO __GETD2N
                 	LDI  R26,LOW(@0)
                 	LDI  R27,HIGH(@0)
                 	LDI  R24,BYTE3(@0)
                 	LDI  R25,BYTE4(@0)
                 	.ENDM
                 
                 	.MACRO __GETB1MN
                 	LDS  R30,@0+(@1)
                 	.ENDM
                 
                 	.MACRO __GETB1HMN
                 	LDS  R31,@0+(@1)
                 	.ENDM
                 
                 	.MACRO __GETW1MN
                 	LDS  R30,@0+(@1)
                 	LDS  R31,@0+(@1)+1
                 	.ENDM
                 
                 	.MACRO __GETD1MN
                 	LDS  R30,@0+(@1)
                 	LDS  R31,@0+(@1)+1
                 	LDS  R22,@0+(@1)+2
                 	LDS  R23,@0+(@1)+3
                 	.ENDM
                 
                 	.MACRO __GETBRMN
                 	LDS  R@0,@1+(@2)
                 	.ENDM
                 
                 	.MACRO __GETWRMN
                 	LDS  R@0,@2+(@3)
                 	LDS  R@1,@2+(@3)+1
                 	.ENDM
                 
                 	.MACRO __GETWRZ
                 	LDD  R@0,Z+@2
                 	LDD  R@1,Z+@2+1
                 	.ENDM
                 
                 	.MACRO __GETD2Z
                 	LDD  R26,Z+@0
                 	LDD  R27,Z+@0+1
                 	LDD  R24,Z+@0+2
                 	LDD  R25,Z+@0+3
                 	.ENDM
                 
                 	.MACRO __GETB2MN
                 	LDS  R26,@0+(@1)
                 	.ENDM
                 
                 	.MACRO __GETW2MN
                 	LDS  R26,@0+(@1)
                 	LDS  R27,@0+(@1)+1
                 	.ENDM
                 
                 	.MACRO __GETD2MN
                 	LDS  R26,@0+(@1)
                 	LDS  R27,@0+(@1)+1
                 	LDS  R24,@0+(@1)+2
                 	LDS  R25,@0+(@1)+3
                 	.ENDM
                 
                 	.MACRO __PUTB1MN
                 	STS  @0+(@1),R30
                 	.ENDM
                 
                 	.MACRO __PUTW1MN
                 	STS  @0+(@1),R30
                 	STS  @0+(@1)+1,R31
                 	.ENDM
                 
                 	.MACRO __PUTD1MN
                 	STS  @0+(@1),R30
                 	STS  @0+(@1)+1,R31
                 	STS  @0+(@1)+2,R22
                 	STS  @0+(@1)+3,R23
                 	.ENDM
                 
                 	.MACRO __PUTB1EN
                 	LDI  R26,LOW(@0+(@1))
                 	LDI  R27,HIGH(@0+(@1))
                 	CALL __EEPROMWRB
                 	.ENDM
                 
                 	.MACRO __PUTW1EN
                 	LDI  R26,LOW(@0+(@1))
                 	LDI  R27,HIGH(@0+(@1))
                 	CALL __EEPROMWRW
                 	.ENDM
                 
                 	.MACRO __PUTD1EN
                 	LDI  R26,LOW(@0+(@1))
                 	LDI  R27,HIGH(@0+(@1))
                 	CALL __EEPROMWRD
                 	.ENDM
                 
                 	.MACRO __PUTBR0MN
                 	STS  @0+(@1),R0
                 	.ENDM
                 
                 	.MACRO __PUTBMRN
                 	STS  @0+(@1),R@2
                 	.ENDM
                 
                 	.MACRO __PUTWMRN
                 	STS  @0+(@1),R@2
                 	STS  @0+(@1)+1,R@3
                 	.ENDM
                 
                 	.MACRO __PUTBZR
                 	STD  Z+@1,R@0
                 	.ENDM
                 
                 	.MACRO __PUTWZR
                 	STD  Z+@2,R@0
                 	STD  Z+@2+1,R@1
                 	.ENDM
                 
                 	.MACRO __GETW1R
                 	MOV  R30,R@0
                 	MOV  R31,R@1
                 	.ENDM
                 
                 	.MACRO __GETW2R
                 	MOV  R26,R@0
                 	MOV  R27,R@1
                 	.ENDM
                 
                 	.MACRO __GETWRN
                 	LDI  R@0,LOW(@2)
                 	LDI  R@1,HIGH(@2)
                 	.ENDM
                 
                 	.MACRO __PUTW1R
                 	MOV  R@0,R30
                 	MOV  R@1,R31
                 	.ENDM
                 
                 	.MACRO __PUTW2R
                 	MOV  R@0,R26
                 	MOV  R@1,R27
                 	.ENDM
                 
                 	.MACRO __ADDWRN
                 	SUBI R@0,LOW(-@2)
                 	SBCI R@1,HIGH(-@2)
                 	.ENDM
                 
                 	.MACRO __ADDWRR
                 	ADD  R@0,R@2
                 	ADC  R@1,R@3
                 	.ENDM
                 
                 	.MACRO __SUBWRN
                 	SUBI R@0,LOW(@2)
                 	SBCI R@1,HIGH(@2)
                 	.ENDM
                 
                 	.MACRO __SUBWRR
                 	SUB  R@0,R@2
                 	SBC  R@1,R@3
                 	.ENDM
                 
                 	.MACRO __ANDWRN
                 	ANDI R@0,LOW(@2)
                 	ANDI R@1,HIGH(@2)
                 	.ENDM
                 
                 	.MACRO __ANDWRR
                 	AND  R@0,R@2
                 	AND  R@1,R@3
                 	.ENDM
                 
                 	.MACRO __ORWRN
                 	ORI  R@0,LOW(@2)
                 	ORI  R@1,HIGH(@2)
                 	.ENDM
                 
                 	.MACRO __ORWRR
                 	OR   R@0,R@2
                 	OR   R@1,R@3
                 	.ENDM
                 
                 	.MACRO __EORWRR
                 	EOR  R@0,R@2
                 	EOR  R@1,R@3
                 	.ENDM
                 
                 	.MACRO __GETWRS
                 	LDD  R@0,Y+@2
                 	LDD  R@1,Y+@2+1
                 	.ENDM
                 
                 	.MACRO __PUTBSR
                 	STD  Y+@1,R@0
                 	.ENDM
                 
                 	.MACRO __PUTWSR
                 	STD  Y+@2,R@0
                 	STD  Y+@2+1,R@1
                 	.ENDM
                 
                 	.MACRO __MOVEWRR
                 	MOV  R@0,R@2
                 	MOV  R@1,R@3
                 	.ENDM
                 
                 	.MACRO __INWR
                 	IN   R@0,@2
                 	IN   R@1,@2+1
                 	.ENDM
                 
                 	.MACRO __OUTWR
                 	OUT  @2+1,R@1
                 	OUT  @2,R@0
                 	.ENDM
                 
                 	.MACRO __CALL1MN
                 	LDS  R30,@0+(@1)
                 	LDS  R31,@0+(@1)+1
                 	ICALL
                 	.ENDM
                 
                 	.MACRO __CALL1FN
                 	LDI  R30,LOW(2*@0+(@1))
                 	LDI  R31,HIGH(2*@0+(@1))
                 	CALL __GETW1PF
                 	ICALL
                 	.ENDM
                 
                 	.MACRO __CALL2EN
                 	PUSH R26
                 	PUSH R27
                 	LDI  R26,LOW(@0+(@1))
                 	LDI  R27,HIGH(@0+(@1))
                 	CALL __EEPROMRDW
                 	POP  R27
                 	POP  R26
                 	ICALL
                 	.ENDM
                 
                 	.MACRO __CALL2EX
                 	SUBI R26,LOW(-@0)
                 	SBCI R27,HIGH(-@0)
                 	CALL __EEPROMRDD
                 	ICALL
                 	.ENDM
                 
                 	.MACRO __GETW1STACK
                 	IN   R30,SPL
                 	IN   R31,SPH
                 	ADIW R30,@0+1
                 	LD   R0,Z+
                 	LD   R31,Z
                 	MOV  R30,R0
                 	.ENDM
                 
                 	.MACRO __GETD1STACK
                 	IN   R30,SPL
                 	IN   R31,SPH
                 	ADIW R30,@0+1
                 	LD   R0,Z+
                 	LD   R1,Z+
                 	LD   R22,Z
                 	MOVW R30,R0
                 	.ENDM
                 
                 	.MACRO __NBST
                 	BST  R@0,@1
                 	IN   R30,SREG
                 	LDI  R31,0x40
                 	EOR  R30,R31
                 	OUT  SREG,R30
                 	.ENDM
                 
                 
                 	.MACRO __PUTB1SN
                 	LDD  R26,Y+@0
                 	LDD  R27,Y+@0+1
                 	SUBI R26,LOW(-@1)
                 	SBCI R27,HIGH(-@1)
                 	ST   X,R30
                 	.ENDM
                 
                 	.MACRO __PUTW1SN
                 	LDD  R26,Y+@0
                 	LDD  R27,Y+@0+1
                 	SUBI R26,LOW(-@1)
                 	SBCI R27,HIGH(-@1)
                 	ST   X+,R30
                 	ST   X,R31
                 	.ENDM
                 
                 	.MACRO __PUTD1SN
                 	LDD  R26,Y+@0
                 	LDD  R27,Y+@0+1
                 	SUBI R26,LOW(-@1)
                 	SBCI R27,HIGH(-@1)
                 	CALL __PUTDP1
                 	.ENDM
                 
                 	.MACRO __PUTB1SNS
                 	LDD  R26,Y+@0
                 	LDD  R27,Y+@0+1
                 	ADIW R26,@1
                 	ST   X,R30
                 	.ENDM
                 
                 	.MACRO __PUTW1SNS
                 	LDD  R26,Y+@0
                 	LDD  R27,Y+@0+1
                 	ADIW R26,@1
                 	ST   X+,R30
                 	ST   X,R31
                 	.ENDM
                 
                 	.MACRO __PUTD1SNS
                 	LDD  R26,Y+@0
                 	LDD  R27,Y+@0+1
                 	ADIW R26,@1
                 	CALL __PUTDP1
                 	.ENDM
                 
                 	.MACRO __PUTB1PMN
                 	LDS  R26,@0
                 	LDS  R27,@0+1
                 	SUBI R26,LOW(-@1)
                 	SBCI R27,HIGH(-@1)
                 	ST   X,R30
                 	.ENDM
                 
                 	.MACRO __PUTW1PMN
                 	LDS  R26,@0
                 	LDS  R27,@0+1
                 	SUBI R26,LOW(-@1)
                 	SBCI R27,HIGH(-@1)
                 	ST   X+,R30
                 	ST   X,R31
                 	.ENDM
                 
                 	.MACRO __PUTD1PMN
                 	LDS  R26,@0
                 	LDS  R27,@0+1
                 	SUBI R26,LOW(-@1)
                 	SBCI R27,HIGH(-@1)
                 	CALL __PUTDP1
                 	.ENDM
                 
                 	.MACRO __PUTB1PMNS
                 	LDS  R26,@0
                 	LDS  R27,@0+1
                 	ADIW R26,@1
                 	ST   X,R30
                 	.ENDM
                 
                 	.MACRO __PUTW1PMNS
                 	LDS  R26,@0
                 	LDS  R27,@0+1
                 	ADIW R26,@1
                 	ST   X+,R30
                 	ST   X,R31
                 	.ENDM
                 
                 	.MACRO __PUTD1PMNS
                 	LDS  R26,@0
                 	LDS  R27,@0+1
                 	ADIW R26,@1
                 	CALL __PUTDP1
                 	.ENDM
                 
                 	.MACRO __PUTB1RN
                 	MOVW R26,R@0
                 	SUBI R26,LOW(-@1)
                 	SBCI R27,HIGH(-@1)
                 	ST   X,R30
                 	.ENDM
                 
                 	.MACRO __PUTW1RN
                 	MOVW R26,R@0
                 	SUBI R26,LOW(-@1)
                 	SBCI R27,HIGH(-@1)
                 	ST   X+,R30
                 	ST   X,R31
                 	.ENDM
                 
                 	.MACRO __PUTD1RN
                 	MOVW R26,R@0
                 	SUBI R26,LOW(-@1)
                 	SBCI R27,HIGH(-@1)
                 	CALL __PUTDP1
                 	.ENDM
                 
                 	.MACRO __PUTB1RNS
                 	MOVW R26,R@0
                 	ADIW R26,@1
                 	ST   X,R30
                 	.ENDM
                 
                 	.MACRO __PUTW1RNS
                 	MOVW R26,R@0
                 	ADIW R26,@1
                 	ST   X+,R30
                 	ST   X,R31
                 	.ENDM
                 
                 	.MACRO __PUTD1RNS
                 	MOVW R26,R@0
                 	ADIW R26,@1
                 	CALL __PUTDP1
                 	.ENDM
                 
                 	.MACRO __PUTB1RON
                 	MOV  R26,R@0
                 	MOV  R27,R@1
                 	SUBI R26,LOW(-@2)
                 	SBCI R27,HIGH(-@2)
                 	ST   X,R30
                 	.ENDM
                 
                 	.MACRO __PUTW1RON
                 	MOV  R26,R@0
                 	MOV  R27,R@1
                 	SUBI R26,LOW(-@2)
                 	SBCI R27,HIGH(-@2)
                 	ST   X+,R30
                 	ST   X,R31
                 	.ENDM
                 
                 	.MACRO __PUTD1RON
                 	MOV  R26,R@0
                 	MOV  R27,R@1
                 	SUBI R26,LOW(-@2)
                 	SBCI R27,HIGH(-@2)
                 	CALL __PUTDP1
                 	.ENDM
                 
                 	.MACRO __PUTB1RONS
                 	MOV  R26,R@0
                 	MOV  R27,R@1
                 	ADIW R26,@2
                 	ST   X,R30
                 	.ENDM
                 
                 	.MACRO __PUTW1RONS
                 	MOV  R26,R@0
                 	MOV  R27,R@1
                 	ADIW R26,@2
                 	ST   X+,R30
                 	ST   X,R31
                 	.ENDM
                 
                 	.MACRO __PUTD1RONS
                 	MOV  R26,R@0
                 	MOV  R27,R@1
                 	ADIW R26,@2
                 	CALL __PUTDP1
                 	.ENDM
                 
                 
                 	.MACRO __GETB1SX
                 	MOVW R30,R28
                 	SUBI R30,LOW(-@0)
                 	SBCI R31,HIGH(-@0)
                 	LD   R30,Z
                 	.ENDM
                 
                 	.MACRO __GETB1HSX
                 	MOVW R30,R28
                 	SUBI R30,LOW(-@0)
                 	SBCI R31,HIGH(-@0)
                 	LD   R31,Z
                 	.ENDM
                 
                 	.MACRO __GETW1SX
                 	MOVW R30,R28
                 	SUBI R30,LOW(-@0)
                 	SBCI R31,HIGH(-@0)
                 	LD   R0,Z+
                 	LD   R31,Z
                 	MOV  R30,R0
                 	.ENDM
                 
                 	.MACRO __GETD1SX
                 	MOVW R30,R28
                 	SUBI R30,LOW(-@0)
                 	SBCI R31,HIGH(-@0)
                 	LD   R0,Z+
                 	LD   R1,Z+
                 	LD   R22,Z+
                 	LD   R23,Z
                 	MOVW R30,R0
                 	.ENDM
                 
                 	.MACRO __GETB2SX
                 	MOVW R26,R28
                 	SUBI R26,LOW(-@0)
                 	SBCI R27,HIGH(-@0)
                 	LD   R26,X
                 	.ENDM
                 
                 	.MACRO __GETW2SX
                 	MOVW R26,R28
                 	SUBI R26,LOW(-@0)
                 	SBCI R27,HIGH(-@0)
                 	LD   R0,X+
                 	LD   R27,X
                 	MOV  R26,R0
                 	.ENDM
                 
                 	.MACRO __GETD2SX
                 	MOVW R26,R28
                 	SUBI R26,LOW(-@0)
                 	SBCI R27,HIGH(-@0)
                 	LD   R0,X+
                 	LD   R1,X+
                 	LD   R24,X+
                 	LD   R25,X
                 	MOVW R26,R0
                 	.ENDM
                 
                 	.MACRO __GETBRSX
                 	MOVW R30,R28
                 	SUBI R30,LOW(-@1)
                 	SBCI R31,HIGH(-@1)
                 	LD   R@0,Z
                 	.ENDM
                 
                 	.MACRO __GETWRSX
                 	MOVW R30,R28
                 	SUBI R30,LOW(-@2)
                 	SBCI R31,HIGH(-@2)
                 	LD   R@0,Z+
                 	LD   R@1,Z
                 	.ENDM
                 
                 	.MACRO __GETBRSX2
                 	MOVW R26,R28
                 	SUBI R26,LOW(-@1)
                 	SBCI R27,HIGH(-@1)
                 	LD   R@0,X
                 	.ENDM
                 
                 	.MACRO __GETWRSX2
                 	MOVW R26,R28
                 	SUBI R26,LOW(-@2)
                 	SBCI R27,HIGH(-@2)
                 	LD   R@0,X+
                 	LD   R@1,X
                 	.ENDM
                 
                 	.MACRO __LSLW8SX
                 	MOVW R30,R28
                 	SUBI R30,LOW(-@0)
                 	SBCI R31,HIGH(-@0)
                 	LD   R31,Z
                 	CLR  R30
                 	.ENDM
                 
                 	.MACRO __PUTB1SX
                 	MOVW R26,R28
                 	SUBI R26,LOW(-@0)
                 	SBCI R27,HIGH(-@0)
                 	ST   X,R30
                 	.ENDM
                 
                 	.MACRO __PUTW1SX
                 	MOVW R26,R28
                 	SUBI R26,LOW(-@0)
                 	SBCI R27,HIGH(-@0)
                 	ST   X+,R30
                 	ST   X,R31
                 	.ENDM
                 
                 	.MACRO __PUTD1SX
                 	MOVW R26,R28
                 	SUBI R26,LOW(-@0)
                 	SBCI R27,HIGH(-@0)
                 	ST   X+,R30
                 	ST   X+,R31
                 	ST   X+,R22
                 	ST   X,R23
                 	.ENDM
                 
                 	.MACRO __CLRW1SX
                 	MOVW R26,R28
                 	SUBI R26,LOW(-@0)
                 	SBCI R27,HIGH(-@0)
                 	ST   X+,R30
                 	ST   X,R30
                 	.ENDM
                 
                 	.MACRO __CLRD1SX
                 	MOVW R26,R28
                 	SUBI R26,LOW(-@0)
                 	SBCI R27,HIGH(-@0)
                 	ST   X+,R30
                 	ST   X+,R30
                 	ST   X+,R30
                 	ST   X,R30
                 	.ENDM
                 
                 	.MACRO __PUTB2SX
                 	MOVW R30,R28
                 	SUBI R30,LOW(-@0)
                 	SBCI R31,HIGH(-@0)
                 	ST   Z,R26
                 	.ENDM
                 
                 	.MACRO __PUTW2SX
                 	MOVW R30,R28
                 	SUBI R30,LOW(-@0)
                 	SBCI R31,HIGH(-@0)
                 	ST   Z+,R26
                 	ST   Z,R27
                 	.ENDM
                 
                 	.MACRO __PUTD2SX
                 	MOVW R30,R28
                 	SUBI R30,LOW(-@0)
                 	SBCI R31,HIGH(-@0)
                 	ST   Z+,R26
                 	ST   Z+,R27
                 	ST   Z+,R24
                 	ST   Z,R25
                 	.ENDM
                 
                 	.MACRO __PUTBSRX
                 	MOVW R30,R28
                 	SUBI R30,LOW(-@1)
                 	SBCI R31,HIGH(-@1)
                 	ST   Z,R@0
                 	.ENDM
                 
                 	.MACRO __PUTWSRX
                 	MOVW R30,R28
                 	SUBI R30,LOW(-@2)
                 	SBCI R31,HIGH(-@2)
                 	ST   Z+,R@0
                 	ST   Z,R@1
                 	.ENDM
                 
                 	.MACRO __PUTB1SNX
                 	MOVW R26,R28
                 	SUBI R26,LOW(-@0)
                 	SBCI R27,HIGH(-@0)
                 	LD   R0,X+
                 	LD   R27,X
                 	MOV  R26,R0
                 	SUBI R26,LOW(-@1)
                 	SBCI R27,HIGH(-@1)
                 	ST   X,R30
                 	.ENDM
                 
                 	.MACRO __PUTW1SNX
                 	MOVW R26,R28
                 	SUBI R26,LOW(-@0)
                 	SBCI R27,HIGH(-@0)
                 	LD   R0,X+
                 	LD   R27,X
                 	MOV  R26,R0
                 	SUBI R26,LOW(-@1)
                 	SBCI R27,HIGH(-@1)
                 	ST   X+,R30
                 	ST   X,R31
                 	.ENDM
                 
                 	.MACRO __PUTD1SNX
                 	MOVW R26,R28
                 	SUBI R26,LOW(-@0)
                 	SBCI R27,HIGH(-@0)
                 	LD   R0,X+
                 	LD   R27,X
                 	MOV  R26,R0
                 	SUBI R26,LOW(-@1)
                 	SBCI R27,HIGH(-@1)
                 	ST   X+,R30
                 	ST   X+,R31
                 	ST   X+,R22
                 	ST   X,R23
                 	.ENDM
                 
                 	.MACRO __MULBRR
                 	MULS R@0,R@1
                 	MOVW R30,R0
                 	.ENDM
                 
                 	.MACRO __MULBRRU
                 	MUL  R@0,R@1
                 	MOVW R30,R0
                 	.ENDM
                 
                 	.MACRO __MULBRR0
                 	MULS R@0,R@1
                 	.ENDM
                 
                 	.MACRO __MULBRRU0
                 	MUL  R@0,R@1
                 	.ENDM
                 
                 	.MACRO __MULBNWRU
                 	LDI  R26,@2
                 	MUL  R26,R@0
                 	MOVW R30,R0
                 	MUL  R26,R@1
                 	ADD  R31,R0
                 	.ENDM
                 
                 ;NAME DEFINITIONS FOR GLOBAL VARIABLES ALLOCATED TO REGISTERS
                 	.DEF _i=R4
                 	.DEF _i_msb=R5
                 	.DEF _ones=R6
                 	.DEF _ones_msb=R7
                 	.DEF _tens=R8
                 	.DEF _tens_msb=R9
                 	.DEF _hundreds=R10
                 	.DEF _hundreds_msb=R11
                 	.DEF _thousands=R12
                 	.DEF _thousands_msb=R13
                 
                 	.CSEG
                 	.ORG 0x00
                 
                 ;START OF CODE MARKER
                 __START_OF_CODE:
                 
                 ;INTERRUPT VECTORS
000000 940c 0037 	JMP  __RESET
000002 940c 0000 	JMP  0x00
000004 940c 0000 	JMP  0x00
000006 940c 0000 	JMP  0x00
000008 940c 0000 	JMP  0x00
00000a 940c 0000 	JMP  0x00
00000c 940c 0000 	JMP  0x00
00000e 940c 0000 	JMP  0x00
000010 940c 0000 	JMP  0x00
000012 940c 0000 	JMP  0x00
000014 940c 0000 	JMP  0x00
000016 940c 0000 	JMP  0x00
000018 940c 0000 	JMP  0x00
00001a 940c 0000 	JMP  0x00
00001c 940c 0000 	JMP  0x00
00001e 940c 0000 	JMP  0x00
000020 940c 0000 	JMP  0x00
000022 940c 0000 	JMP  0x00
000024 940c 0000 	JMP  0x00
000026 940c 0000 	JMP  0x00
000028 940c 0000 	JMP  0x00
                 
                 ;GLOBAL REGISTER VARIABLES INITIALIZATION
                 __REG_VARS:
00002a 0000      	.DB  0x0,0x0
                 
                 _0x3:
00002b 063f
00002c 4f5b
00002d 6d66
00002e 077d      	.DB  0x3F,0x6,0x5B,0x4F,0x66,0x6D,0x7D,0x7
00002f 6f7f      	.DB  0x7F,0x6F
                 
                 __GLOBAL_INI_TBL:
000030 0002      	.DW  0x02
000031 0004      	.DW  0x04
000032 0054      	.DW  __REG_VARS*2
                 
000033 000a      	.DW  0x0A
000034 0260      	.DW  _seg
000035 0056      	.DW  _0x3*2
                 
                 _0xFFFFFFFF:
000036 0000      	.DW  0
                 
                 #define __GLOBAL_INI_TBL_PRESENT 1
                 
                 __RESET:
000037 94f8      	CLI
000038 27ee      	CLR  R30
000039 bbec      	OUT  EECR,R30
                 
                 ;INTERRUPT VECTORS ARE PLACED
                 ;AT THE START OF FLASH
00003a e0f1      	LDI  R31,1
00003b bffb      	OUT  GICR,R31
00003c bfeb      	OUT  GICR,R30
00003d bfe5      	OUT  MCUCR,R30
                 
                 ;CLEAR R2-R14
00003e e08d      	LDI  R24,(14-2)+1
00003f e0a2      	LDI  R26,2
000040 27bb      	CLR  R27
                 __CLEAR_REG:
000041 93ed      	ST   X+,R30
000042 958a      	DEC  R24
000043 f7e9      	BRNE __CLEAR_REG
                 
                 ;CLEAR SRAM
000044 e080      	LDI  R24,LOW(__CLEAR_SRAM_SIZE)
000045 e098      	LDI  R25,HIGH(__CLEAR_SRAM_SIZE)
000046 e6a0      	LDI  R26,__SRAM_START
                 __CLEAR_SRAM:
000047 93ed      	ST   X+,R30
000048 9701      	SBIW R24,1
000049 f7e9      	BRNE __CLEAR_SRAM
                 
                 ;GLOBAL VARIABLES INITIALIZATION
00004a e6e0      	LDI  R30,LOW(__GLOBAL_INI_TBL*2)
00004b e0f0      	LDI  R31,HIGH(__GLOBAL_INI_TBL*2)
                 __GLOBAL_INI_NEXT:
00004c 9185      	LPM  R24,Z+
00004d 9195      	LPM  R25,Z+
00004e 9700      	SBIW R24,0
00004f f061      	BREQ __GLOBAL_INI_END
000050 91a5      	LPM  R26,Z+
000051 91b5      	LPM  R27,Z+
000052 9005      	LPM  R0,Z+
000053 9015      	LPM  R1,Z+
000054 01bf      	MOVW R22,R30
000055 01f0      	MOVW R30,R0
                 __GLOBAL_INI_LOOP:
000056 9005      	LPM  R0,Z+
000057 920d      	ST   X+,R0
000058 9701      	SBIW R24,1
000059 f7e1      	BRNE __GLOBAL_INI_LOOP
00005a 01fb      	MOVW R30,R22
00005b cff0      	RJMP __GLOBAL_INI_NEXT
                 __GLOBAL_INI_END:
                 
                 ;HARDWARE STACK POINTER INITIALIZATION
00005c e5ef      	LDI  R30,LOW(__SRAM_END-__HEAP_SIZE)
00005d bfed      	OUT  SPL,R30
00005e e0e8      	LDI  R30,HIGH(__SRAM_END-__HEAP_SIZE)
00005f bfee      	OUT  SPH,R30
                 
                 ;DATA STACK POINTER INITIALIZATION
000060 e6c0      	LDI  R28,LOW(__SRAM_START+__DSTACK_SIZE)
000061 e0d2      	LDI  R29,HIGH(__SRAM_START+__DSTACK_SIZE)
                 
000062 940c 0064 	JMP  _main
                 
                 	.ESEG
                 	.ORG 0
                 
                 	.DSEG
                 	.ORG 0x260
                 
                 	.CSEG
                 ;#include <mega32.h>
                 	#ifndef __SLEEP_DEFINED__
                 	#define __SLEEP_DEFINED__
                 	.EQU __se_bit=0x80
                 	.EQU __sm_mask=0x70
                 	.EQU __sm_powerdown=0x20
                 	.EQU __sm_powersave=0x30
                 	.EQU __sm_standby=0x60
                 	.EQU __sm_ext_standby=0x70
                 	.EQU __sm_adc_noise_red=0x10
                 	.SET power_ctrl_reg=mcucr
                 	#endif
                 ;#include <delay.h>
                 ;
                 ;char seg[10] = {0x3F, 0x06, 0x5b, 0x4F, 0x66, 0x6D, 0x7D, 0x07, 0x7f, 0x6f};
                 
                 	.DSEG
                 ;int i = 0, ones, tens, hundreds, thousands;
                 ;
                 ;void main(void){
                 ; 0000 0007 void main(void){
                 
                 	.CSEG
                 _main:
                 ; .FSTART _main
                 ; 0000 0008     DDRC = 0xFF;
000064 efef      	LDI  R30,LOW(255)
000065 bbe4      	OUT  0x14,R30
                 ; 0000 0009     DDRD = 0xFF;
000066 bbe1      	OUT  0x11,R30
                 ; 0000 000A 
                 ; 0000 000B     while (1){
                 _0x4:
                 ; 0000 000C         thousands = i/1000;
000067 01d2      	MOVW R26,R4
000068 eee8      	LDI  R30,LOW(1000)
000069 e0f3      	LDI  R31,HIGH(1000)
00006a 940e 00de 	CALL __DIVW21
00006c 016f      	MOVW R12,R30
                 ; 0000 000D         hundreds = (i%1000)/100;
00006d 01d2      	MOVW R26,R4
00006e eee8      	LDI  R30,LOW(1000)
00006f e0f3      	LDI  R31,HIGH(1000)
000070 940e 00e3 	CALL __MODW21
000072 01df      	MOVW R26,R30
000073 e6e4      	LDI  R30,LOW(100)
000074 e0f0      	LDI  R31,HIGH(100)
000075 940e 00de 	CALL __DIVW21
000077 015f      	MOVW R10,R30
                 ; 0000 000E         tens = (i%100)/10;
000078 01d2      	MOVW R26,R4
000079 e6e4      	LDI  R30,LOW(100)
00007a e0f0      	LDI  R31,HIGH(100)
00007b 940e 00e3 	CALL __MODW21
00007d 01df      	MOVW R26,R30
00007e e0ea      	LDI  R30,LOW(10)
00007f e0f0      	LDI  R31,HIGH(10)
000080 940e 00de 	CALL __DIVW21
000082 014f      	MOVW R8,R30
                 ; 0000 000F         ones = i%10;
000083 01d2      	MOVW R26,R4
000084 e0ea      	LDI  R30,LOW(10)
000085 e0f0      	LDI  R31,HIGH(10)
000086 940e 00e3 	CALL __MODW21
000088 013f      	MOVW R6,R30
                 ; 0000 0010 
                 ; 0000 0011         PORTD = 0xF7;
000089 efe7      	LDI  R30,LOW(247)
00008a bbe2      	OUT  0x12,R30
                 ; 0000 0012         PORTC = seg[ones];
00008b e6a0      	LDI  R26,LOW(_seg)
00008c e0b2      	LDI  R27,HIGH(_seg)
00008d 0da6      	ADD  R26,R6
00008e 1db7      	ADC  R27,R7
00008f 940e 00b7 	CALL SUBOPT_0x0
                 ; 0000 0013         delay_ms(2);
                 ; 0000 0014 
                 ; 0000 0015         PORTD = 0xFB;
000091 efeb      	LDI  R30,LOW(251)
000092 bbe2      	OUT  0x12,R30
                 ; 0000 0016         PORTC = seg[tens];
000093 e6a0      	LDI  R26,LOW(_seg)
000094 e0b2      	LDI  R27,HIGH(_seg)
000095 0da8      	ADD  R26,R8
000096 1db9      	ADC  R27,R9
000097 940e 00b7 	CALL SUBOPT_0x0
                 ; 0000 0017         delay_ms(2);
                 ; 0000 0018 
                 ; 0000 0019         PORTD = 0xFD;
000099 efed      	LDI  R30,LOW(253)
00009a bbe2      	OUT  0x12,R30
                 ; 0000 001A         PORTC = seg[hundreds];
00009b e6a0      	LDI  R26,LOW(_seg)
00009c e0b2      	LDI  R27,HIGH(_seg)
00009d 0daa      	ADD  R26,R10
00009e 1dbb      	ADC  R27,R11
00009f 940e 00b7 	CALL SUBOPT_0x0
                 ; 0000 001B         delay_ms(2);
                 ; 0000 001C 
                 ; 0000 001D         PORTD = 0xFE;
0000a1 efee      	LDI  R30,LOW(254)
0000a2 bbe2      	OUT  0x12,R30
                 ; 0000 001E         PORTC = seg[thousands];
0000a3 e6a0      	LDI  R26,LOW(_seg)
0000a4 e0b2      	LDI  R27,HIGH(_seg)
0000a5 0dac      	ADD  R26,R12
0000a6 1dbd      	ADC  R27,R13
0000a7 940e 00b7 	CALL SUBOPT_0x0
                 ; 0000 001F         delay_ms(2);
                 ; 0000 0020 
                 ; 0000 0021         i++;
0000a9 01f2      	MOVW R30,R4
0000aa 9631      	ADIW R30,1
0000ab 012f      	MOVW R4,R30
                 ; 0000 0022         if (i > 9999) i = 0;
0000ac e0ef      	LDI  R30,LOW(9999)
0000ad e2f7      	LDI  R31,HIGH(9999)
0000ae 15e4      	CP   R30,R4
0000af 05f5      	CPC  R31,R5
0000b0 f014      	BRLT PC+3
0000b1 940c 00b5 	JMP _0x7
0000b3 2444      	CLR  R4
0000b4 2455      	CLR  R5
                 ; 0000 0023     }
                 _0x7:
0000b5 cfb1      	RJMP _0x4
                 _0x6:
                 ; 0000 0024 }
                 _0x8:
0000b6 cfff      	RJMP _0x8
                 ; .FEND
                 
                 	.DSEG
                 _seg:
000260           	.BYTE 0xA
                 
                 	.CSEG
                 ;OPTIMIZER ADDED SUBROUTINE, CALLED 4 TIMES, CODE SIZE REDUCTION:9 WORDS
                 SUBOPT_0x0:
0000b7 91ec      	LD   R30,X
0000b8 bbe5      	OUT  0x15,R30
0000b9 e0a2      	LDI  R26,LOW(2)
0000ba e0b0      	LDI  R27,0
0000bb 940c 00bd 	JMP  _delay_ms
                 
                 
                 	.CSEG
                 _delay_ms:
0000bd 9610      	adiw r26,0
0000be f039      	breq __delay_ms1
                 __delay_ms0:
0000bf 95a8      	wdr
                +
0000c0 ed80     +LDI R24 , LOW ( 0x7D0 )
0000c1 e097     +LDI R25 , HIGH ( 0x7D0 )
                +__DELAY_USW_LOOP :
0000c2 9701     +SBIW R24 , 1
0000c3 f7f1     +BRNE __DELAY_USW_LOOP
                 	__DELAY_USW 0x7D0
0000c4 9711      	sbiw r26,1
0000c5 f7c9      	brne __delay_ms0
                 __delay_ms1:
0000c6 9508      	ret
                 
                 __ANEGW1:
0000c7 95f1      	NEG  R31
0000c8 95e1      	NEG  R30
0000c9 40f0      	SBCI R31,0
0000ca 9508      	RET
                 
                 __DIVW21U:
0000cb 2400      	CLR  R0
0000cc 2411      	CLR  R1
0000cd e190      	LDI  R25,16
                 __DIVW21U1:
0000ce 0faa      	LSL  R26
0000cf 1fbb      	ROL  R27
0000d0 1c00      	ROL  R0
0000d1 1c11      	ROL  R1
0000d2 1a0e      	SUB  R0,R30
0000d3 0a1f      	SBC  R1,R31
0000d4 f418      	BRCC __DIVW21U2
0000d5 0e0e      	ADD  R0,R30
0000d6 1e1f      	ADC  R1,R31
0000d7 c001      	RJMP __DIVW21U3
                 __DIVW21U2:
0000d8 60a1      	SBR  R26,1
                 __DIVW21U3:
0000d9 959a      	DEC  R25
0000da f799      	BRNE __DIVW21U1
0000db 01fd      	MOVW R30,R26
0000dc 01d0      	MOVW R26,R0
0000dd 9508      	RET
                 
                 __DIVW21:
0000de d012      	RCALL __CHKSIGNW
0000df dfeb      	RCALL __DIVW21U
0000e0 f40e      	BRTC __DIVW211
0000e1 dfe5      	RCALL __ANEGW1
                 __DIVW211:
0000e2 9508      	RET
                 
                 __MODW21:
0000e3 94e8      	CLT
0000e4 ffb7      	SBRS R27,7
0000e5 c004      	RJMP __MODW211
0000e6 95a0      	COM  R26
0000e7 95b0      	COM  R27
0000e8 9611      	ADIW R26,1
0000e9 9468      	SET
                 __MODW211:
0000ea fdf7      	SBRC R31,7
0000eb dfdb      	RCALL __ANEGW1
0000ec dfde      	RCALL __DIVW21U
0000ed 01fd      	MOVW R30,R26
0000ee f40e      	BRTC __MODW212
0000ef dfd7      	RCALL __ANEGW1
                 __MODW212:
0000f0 9508      	RET
                 
                 __CHKSIGNW:
0000f1 94e8      	CLT
0000f2 fff7      	SBRS R31,7
0000f3 c002      	RJMP __CHKSW1
0000f4 dfd2      	RCALL __ANEGW1
0000f5 9468      	SET
                 __CHKSW1:
0000f6 ffb7      	SBRS R27,7
0000f7 c006      	RJMP __CHKSW2
0000f8 95a0      	COM  R26
0000f9 95b0      	COM  R27
0000fa 9611      	ADIW R26,1
0000fb f800      	BLD  R0,0
0000fc 9403      	INC  R0
0000fd fa00      	BST  R0,0
                 __CHKSW2:
0000fe 9508      	RET
                 
                 ;END OF CODE MARKER
                 __END_OF_CODE:


RESOURCE USE INFORMATION
------------------------

Notice:
The register and instruction counts are symbol table hit counts,
and hence implicitly used resources are not counted, eg, the
'lpm' instruction without operands implicitly uses r0 and z,
none of which are counted.

x,y,z are separate entities in the symbol table and are
counted separately from r26..r31 here.

.dseg memory usage only counts static data declared with .byte

ATmega32 register use summary:
r0 :  12 r1 :   5 r2 :   0 r3 :   0 r4 :   8 r5 :   2 r6 :   2 r7 :   1 
r8 :   2 r9 :   1 r10:   2 r11:   1 r12:   2 r13:   1 r14:   0 r15:   0 
r16:   0 r17:   0 r18:   0 r19:   0 r20:   0 r21:   0 r22:   2 r23:   0 
r24:   9 r25:   5 r26:  29 r27:  16 r28:   1 r29:   1 r30:  49 r31:  17 
x  :   4 y  :   0 z  :   7 
Registers used: 23 out of 35 (65.7%)

ATmega32 instruction use summary:
.lds  :   0 .lds.l:   0 .sts  :   0 .sts.l:   0 adc   :   5 add   :   5 
adiw  :   4 and   :   0 andi  :   0 asr   :   0 bclr  :   0 bld   :   1 
brbc  :   0 brbs  :   0 brcc  :   1 brcs  :   0 break :   0 breq  :   2 
brge  :   0 brhc  :   0 brhs  :   0 brid  :   0 brie  :   0 brlo  :   0 
brlt  :   1 brmi  :   0 brne  :   6 brpl  :   0 brsh  :   0 brtc  :   2 
brts  :   0 brvc  :   0 brvs  :   0 bset  :   0 bst   :   1 call  :  10 
cbi   :   0 cbr   :   0 clc   :   0 clh   :   0 cli   :   1 cln   :   0 
clr   :   6 cls   :   0 clt   :   2 clv   :   0 clz   :   0 com   :   4 
cp    :   1 cpc   :   1 cpi   :   0 cpse  :   0 dec   :   2 des   :   0 
eor   :   0 fmul  :   0 fmuls :   0 fmulsu:   0 icall :   0 ijmp  :   0 
in    :   0 inc   :   1 jmp   :  24 ld    :   1 ldd   :   0 ldi   :  44 
lds   :   0 lpm   :   7 lsl   :   1 lsr   :   0 mov   :   0 movw  :  18 
mul   :   0 muls  :   0 mulsu :   0 neg   :   2 nop   :   0 or    :   0 
ori   :   0 out   :  13 pop   :   0 push  :   0 rcall :   7 ret   :   6 
reti  :   0 rjmp  :   7 rol   :   3 ror   :   0 sbc   :   1 sbci  :   1 
sbi   :   0 sbic  :   0 sbis  :   0 sbiw  :   5 sbr   :   1 sbrc  :   1 
sbrs  :   3 sec   :   0 seh   :   0 sei   :   0 sen   :   0 ser   :   0 
ses   :   0 set   :   2 sev   :   0 sez   :   0 sleep :   0 spm   :   0 
st    :   3 std   :   0 sts   :   0 sub   :   1 subi  :   0 swap  :   0 
tst   :   0 wdr   :   1 
Instructions used: 41 out of 116 (35.3%)

ATmega32 memory use summary [bytes]:
Segment   Begin    End      Code   Data   Used    Size   Use%
---------------------------------------------------------------
[.cseg] 0x000000 0x0001fe    484     26    510   32768   1.6%
[.dseg] 0x000060 0x00026a      0     10     10    2048   0.5%
[.eseg] 0x000000 0x000000      0      0      0    1024   0.0%

Assembly complete, 0 errors, 10 warnings
